A D/Bombardier////
A D/Skydancer////
A D/accursed////
A D/afurnace////
A D/andromeda////
A D/arachna////
A D/armadon////
A D/babayaga////
A D/behemoth////
A D/bephelgor////
A D/bomb////
A D/bubbles////
A D/chick////
A D/chipper////
A D/chosen_one////
A D/chronos////
A D/corrupted_disciple////
A D/dampeer////
A D/deadwood////
A D/defiler////
A D/devourer////
A D/diseased_rider////
A D/diseasedrider////
A D/dishonest_abe////
A D/doctor_repulsor////
A D/dwarf magi////
A D/dwarf_magi////
A D/ebulus////
A D/electrician////
A D/empath////
A D/engineer////
A D/fade////
A D/fairy////
A D/femme////
A D/femmeflame////
A D/flint_beastwood////
A D/forsaken archer////
A D/forsaken_archer////
A D/frostwyrm////
A D/frosty////
A D/gasbag////
A D/gauntlet////
A D/gladiator////
A D/hammerstorm////
A D/hantumon////
A D/heavenlyblade////
A D/hellbringer////
A D/helldemon////
A D/hiro////
A D/hooter////
A D/hunter////
A D/hydromancer////
A D/javaras////
A D/jereziah////
A D/kraken////
A D/krixi////
A D/kunas////
A D/legionnaire////
A D/lego////
A D/lightning////
A D/magmar////
A D/maliken////
A D/manabreaker////
A D/monk////
A D/mooncricket////
A D/moraxus////
A D/moraxus_testv2////
A D/morboobses////
A D/mumra////
A D/mute_cleric////
A D/natureschild////
A D/nomad////
A D/ophelia////
A D/palantyne////
A D/panda////
A D/pestilence////
A D/pollywogpriest////
A D/predator////
A D/puppetmaster////
A D/pyromancer////
A D/rampage////
A D/raven////
A D/raven_soulstealer////
A D/rhino////
A D/rocky////
A D/sand_wraith////
A D/sandy////
A D/scar////
A D/scout////
A D/shaman////
A D/slar////
A D/soulstealer////
A D/succubis////
A D/tempest////
A D/treant////
A D/tundra////
A D/valkyrie////
