A D/1////
A D/2////
A D/ABADDON////
A D/Adam-possible site images////
A D/Alt. Ideas////
A D/Ananta Narayana////
A D/Artemis1////
A D/Arthur////
A D/Bad Treeant////
A D/Beast Monster////
A D/Belphegor-demon////
A D/Blade Master////
A D/Blood Seeker////
A D/Buildings////
A D/Characters////
A D/Dark Terror////
A D/Death////
A D/Delilah////
A D/Dragon Knight////
A D/Drawings////
A D/Drow////
A D/Dunno////
A D/Ebulus////
A D/Enigma////
A D/FEMME DE FLAME////
A D/FERONIA////
A D/FINISHED CONCEPT PAINTINGS1////
