A D/3d////
A D/bin////
A D/cdplayer////
A D/channelgroups////
A D/dsp_custom////
A D/dsp_effectperspeaker////
A D/dsppluginviewer////
A D/effects////
A D/filecallbacks////
A D/fsb////
A D/generatetone////
A D/geometry////
A D/loadfrommemory////
A D/media////
A D/multiplesoundcard////
A D/multispeakeroutput////
A D/netstream////
A D/offlinedecoding////
A D/pitchdetection////
A D/playlist////
A D/playsound////
A D/playstream////
A D/plugin_dev////
A D/readtags////
A D/realtimestitching////
A D/recording////
A D/recordtodisk////
A D/ripnetstream////
A D/soundgroups////
A D/submixing////
A D/useplugins////
A D/usercreatedsound////
A D/virtualvoices////
